\BOOKMARK [1][-]{section.1}{Introduction: Objective, Inspiration and Potential Findings}{}% 1
\BOOKMARK [2][-]{subsection.1.1}{Project Objective: Explore The Game Synchronization Problem And The Related Problems}{section.1}% 2
\BOOKMARK [2][-]{subsection.1.2}{Potential Findings: Impact of NDN On P2P MOGs}{section.1}% 3
\BOOKMARK [1][-]{section.2}{General Game Design: LPP and WoW}{}% 4
\BOOKMARK [2][-]{subsection.2.1}{Genre: Role Playing Game}{section.2}% 5
\BOOKMARK [2][-]{subsection.2.2}{Scale: 1 Million Concurrent Players}{section.2}% 6
\BOOKMARK [2][-]{subsection.2.3}{Activities: Raiding and PvP}{section.2}% 7
\BOOKMARK [2][-]{subsection.2.4}{LPP Gameplay}{section.2}% 8
\BOOKMARK [1][-]{section.3}{The Synchronization Problem and Related Problems}{}% 9
\BOOKMARK [2][-]{subsection.3.1}{Consistency Models: Event Based \(P2P\) and Update Based \(C/S\)}{section.3}% 10
\BOOKMARK [2][-]{subsection.3.2}{Synchronization Algorithms: Conservative and Optimistic}{section.3}% 11
\BOOKMARK [2][-]{subsection.3.3}{Related Problems: Architecture, Interactivity, Scalability, Availability, Security}{section.3}% 12
\BOOKMARK [3][-]{subsubsection.3.3.1}{Architecture Choice: P2P or Client/SeverClusters}{subsection.3.3}% 13
\BOOKMARK [3][-]{subsubsection.3.3.2}{Interactivity: MMORPGs are Latency-Sensitive}{subsection.3.3}% 14
\BOOKMARK [3][-]{subsubsection.3.3.3}{Scalability: P2P Is Scalable, But Not Its Consistency Model}{subsection.3.3}% 15
\BOOKMARK [1][-]{section.4}{Designing The Next Game: LPP}{}% 16
\BOOKMARK [2][-]{subsection.4.1}{Namespace}{section.4}% 17
\BOOKMARK [2][-]{subsection.4.2}{Membership Service and Object Discovery: CCNx Sync}{section.4}% 18
\BOOKMARK [2][-]{subsection.4.3}{Unreliable, Ordered Delivery of Updates}{section.4}% 19
\BOOKMARK [2][-]{subsection.4.4}{Reliable, Ordered Delivery of Events}{section.4}% 20
